<?xml version="1.0" encoding="UTF-8"?>
<!-- Generated by org.testng.reporters.JUnitXMLReporter -->
<testsuite ignored="3" hostname="DESKTOP-G16KJF8" failures="0" tests="0" time="0.033" errors="0" timestamp="2024-07-15T17:17:03 IST">
  <testcase classname="org.oniesoft.tests.OrderTest" name="confirmPendingOrderWithValidData" time="0.0">
    <ignored/>
  </testcase> <!-- confirmPendingOrderWithValidData -->
  <testcase classname="org.oniesoft.tests.OrderTest" name="DeliveredOrderWithValidData" time="0.0">
    <ignored/>
  </testcase> <!-- DeliveredOrderWithValidData -->
  <testcase classname="org.oniesoft.tests.OrderTest" name="confirmOrderWithValidData" time="0.0">
    <ignored/>
  </testcase> <!-- confirmOrderWithValidData -->
</testsuite>
