<?xml version="1.0" encoding="UTF-8"?>
<!-- Generated by org.testng.reporters.JUnitXMLReporter -->
<testsuite ignored="2" hostname="DESKTOP-G16KJF8" failures="0" tests="0" time="0.001" errors="0" timestamp="2024-07-14T14:50:27 IST">
  <testcase classname="org.oniesoft.tests.CategoriesTest" name="addItemsInSubCategoryWithValidDate" time="0.0">
    <ignored/>
  </testcase> <!-- addItemsInSubCategoryWithValidDate -->
  <testcase classname="org.oniesoft.tests.CategoriesTest" name="addItemsInCategoryWithValidDate" time="0.0">
    <ignored/>
  </testcase> <!-- addItemsInCategoryWithValidDate -->
</testsuite>
