<?xml version="1.0" encoding="UTF-8"?>
<!-- Generated by org.testng.reporters.JUnitXMLReporter -->
<testsuite ignored="2" hostname="DESKTOP-G16KJF8" failures="0" tests="1" name="org.oniesoft.tests.ProductsTest.addAttributeInProductsWithValidDate" time="17.022" errors="0" timestamp="2024-07-15T21:12:52 IST">
  <testcase classname="org.oniesoft.tests.ProductsTest" name="addAttributeInProductsWithValidDate" time="17.017"/>
  <testcase classname="org.oniesoft.tests.ProductsTest" name="searchProductInProductsWithValidDate" time="0.0">
    <ignored/>
  </testcase> <!-- searchProductInProductsWithValidDate -->
  <testcase classname="org.oniesoft.tests.ProductsTest" name="addBrandsInProductsWithValidDate" time="0.0">
    <ignored/>
  </testcase> <!-- addBrandsInProductsWithValidDate -->
</testsuite> <!-- org.oniesoft.tests.ProductsTest.addAttributeInProductsWithValidDate -->
