<?xml version="1.0" encoding="UTF-8"?>
<!-- Generated by org.testng.reporters.JUnitXMLReporter -->
<testsuite ignored="1" hostname="DESKTOP-G16KJF8" failures="0" tests="1" name="org.oniesoft.tests.CategoriesTest.addItemsInCategoryWithValidDate" time="15.249" errors="0" timestamp="2024-07-15T21:12:17 IST">
  <testcase classname="org.oniesoft.tests.CategoriesTest" name="addItemsInCategoryWithValidDate" time="15.237"/>
  <testcase classname="org.oniesoft.tests.CategoriesTest" name="addItemsInSubCategoryWithValidDate" time="0.0">
    <ignored/>
  </testcase> <!-- addItemsInSubCategoryWithValidDate -->
</testsuite> <!-- org.oniesoft.tests.CategoriesTest.addItemsInCategoryWithValidDate -->
