<?xml version="1.0" encoding="UTF-8"?>
<!-- Generated by org.testng.reporters.JUnitXMLReporter -->
<testsuite ignored="1" hostname="DESKTOP-G16KJF8" failures="0" tests="1" name="org.oniesoft.tests.LoginTest.testLoginWithInvalidCreds" time="1.53" errors="0" timestamp="2024-07-10T16:32:45 IST">
  <testcase classname="org.oniesoft.tests.LoginTest" name="testLoginWithInvalidCreds" time="1.519"/>
  <testcase classname="org.oniesoft.tests.LoginTest" name="testLoginWithValidCreds" time="0.0">
    <ignored/>
  </testcase> <!-- testLoginWithValidCreds -->
</testsuite> <!-- org.oniesoft.tests.LoginTest.testLoginWithInvalidCreds -->
