<?xml version="1.0" encoding="UTF-8"?>
<!-- Generated by org.testng.reporters.JUnitXMLReporter -->
<testsuite ignored="3" hostname="DESKTOP-G16KJF8" failures="0" tests="0" time="0.02" errors="0" timestamp="2024-07-15T14:13:14 IST">
  <testcase classname="org.oniesoft.tests.ProductsTest" name="addBrandsInProductsWithValidDate" time="0.0">
    <ignored/>
  </testcase> <!-- addBrandsInProductsWithValidDate -->
  <testcase classname="org.oniesoft.tests.ProductsTest" name="searchProductInProductsWithValidDate" time="0.0">
    <ignored/>
  </testcase> <!-- searchProductInProductsWithValidDate -->
  <testcase classname="org.oniesoft.tests.ProductsTest" name="addAttributeInProductsWithValidDate" time="0.0">
    <ignored/>
  </testcase> <!-- addAttributeInProductsWithValidDate -->
</testsuite>
