<?xml version="1.0" encoding="UTF-8"?>
<!-- Generated by org.testng.reporters.JUnitXMLReporter -->
<testsuite ignored="1" hostname="DESKTOP-G16KJF8" failures="1" tests="1" name="org.oniesoft.tests.LoginTest.testResetPasswordLinkWithInvalidEmail" time="60.391" errors="0" timestamp="2024-01-25T14:30:37 IST">
  <testcase classname="org.oniesoft.tests.LoginTest" name="testResetPasswordLinkWithInvalidEmail" time="60.143">
    <failure type="java.lang.AssertionError" message="null">
        <![CDATA[java.lang.AssertionError: null
at oniesoft.api.reporting.ExtentTestManager.setFailMessageInReport(ExtentTestManager.java:76)
at oniesoft.WebFramework.BrowserFunctions.click(BrowserFunctions.java:81)
at org.oniesoft.HomePage.clickSignIn(HomePage.java:20)
at org.oniesoft.tests.LoginTest.testResetPasswordLinkWithInvalidEmail(LoginTest.java:56)
at java.base/java.util.ArrayList.forEach(ArrayList.java:1511)
at oniesoft.WebFramework.TestReader.run(TestReader.java:57)
at oniesoft.WebFramework.Runner.runOneIteration(Runner.java:201)
at oniesoft.WebFramework.Runner.run(Runner.java:65)
at org.oniesoft.runner.TestRunner.main(TestRunner.java:7)
... Removed 26 stack frames]]>
    </failure>
  </testcase> <!-- testResetPasswordLinkWithInvalidEmail -->
  <testcase classname="org.oniesoft.tests.LoginTest" name="testLoginWithInvalidCreds" time="0.0">
    <ignored/>
  </testcase> <!-- testLoginWithInvalidCreds -->
</testsuite> <!-- org.oniesoft.tests.LoginTest.testResetPasswordLinkWithInvalidEmail -->
