<?xml version="1.0" encoding="UTF-8"?>
<!-- Generated by org.testng.reporters.JUnitXMLReporter -->
<testsuite ignored="1" hostname="DESKTOP-G16KJF8" failures="0" tests="1" name="org.oniesoft.tests.OrderTest.confirmOrderWithValidData" time="10.173" errors="0" timestamp="2024-07-15T14:37:59 IST">
  <testcase classname="org.oniesoft.tests.OrderTest" name="confirmOrderWithValidData" time="10.084"/>
  <testcase classname="org.oniesoft.tests.OrderTest" name="confirmPendingOrderWithValidData" time="0.0">
    <ignored/>
  </testcase> <!-- confirmPendingOrderWithValidData -->
</testsuite> <!-- org.oniesoft.tests.OrderTest.confirmOrderWithValidData -->
