<?xml version="1.0" encoding="UTF-8"?>
<!-- Generated by org.testng.reporters.JUnitXMLReporter -->
<testsuite ignored="2" hostname="DESKTOP-G16KJF8" failures="0" tests="0" name="org.oniesoft.tests.OrderTest.DeliveredOrderWithValidData" time="67.604" errors="0" timestamp="2024-07-15T17:07:13 IST">
  <testcase classname="org.oniesoft.tests.OrderTest" name="confirmPendingOrderWithValidData" time="0.0">
    <ignored/>
  </testcase> <!-- confirmPendingOrderWithValidData -->
  <testcase classname="org.oniesoft.tests.OrderTest" name="confirmOrderWithValidData" time="0.0">
    <ignored/>
  </testcase> <!-- confirmOrderWithValidData -->
</testsuite> <!-- org.oniesoft.tests.OrderTest.DeliveredOrderWithValidData -->
