<?xml version="1.0" encoding="UTF-8"?>
<!-- Generated by org.testng.reporters.JUnitXMLReporter -->
<testsuite ignored="2" hostname="DESKTOP-G16KJF8" failures="0" tests="1" name="org.oniesoft.tests.LoginTest.testLoginWithInvalidCreds" time="1.534" errors="0" timestamp="2024-07-15T21:11:54 IST">
  <testcase classname="org.oniesoft.tests.LoginTest" name="testLoginWithInvalidCreds" time="1.531"/>
  <testcase classname="org.oniesoft.tests.LoginTest" name="testLoginWithNullCreds" time="0.0">
    <ignored/>
  </testcase> <!-- testLoginWithNullCreds -->
  <testcase classname="org.oniesoft.tests.LoginTest" name="testLoginWithValidCreds" time="0.0">
    <ignored/>
  </testcase> <!-- testLoginWithValidCreds -->
</testsuite> <!-- org.oniesoft.tests.LoginTest.testLoginWithInvalidCreds -->
