<?xml version="1.0" encoding="UTF-8"?>
<!-- Generated by org.testng.reporters.JUnitXMLReporter -->
<testsuite ignored="1" hostname="DESKTOP-G16KJF8" failures="0" tests="1" name="org.oniesoft.tests.ProductsTest.addBrandsInProductsWithValidDate" time="17.985" errors="0" timestamp="2024-07-15T12:11:11 IST">
  <testcase classname="org.oniesoft.tests.ProductsTest" name="addBrandsInProductsWithValidDate" time="17.87"/>
  <testcase classname="org.oniesoft.tests.ProductsTest" name="addAttributeInProductsWithValidDate" time="0.0">
    <ignored/>
  </testcase> <!-- addAttributeInProductsWithValidDate -->
</testsuite> <!-- org.oniesoft.tests.ProductsTest.addBrandsInProductsWithValidDate -->
