<?xml version="1.0" encoding="UTF-8"?>
<testng-results ignored="0" total="1" passed="1" failed="0" skipped="0">
  <reporter-output>
  </reporter-output>
  <suite started-at="2024-07-19T12:00:11 IST" name="Add Product With Valid Data" finished-at="2024-07-19T12:00:23 IST" duration-ms="11982">
    <groups>
    </groups>
    <test started-at="2024-07-19T12:00:11 IST" name="org.oniesoft.tests.ProductTest.AddProductWithValidData" finished-at="2024-07-19T12:00:23 IST" duration-ms="11982">
      <class name="org.oniesoft.tests.ProductTest">
        <test-method is-config="true" signature="init()[pri:0, instance:org.oniesoft.tests.ProductTest@45e37a7e]" started-at="2024-07-19T12:00:11 IST" name="init" finished-at="2024-07-19T12:00:11 IST" duration-ms="80" status="PASS">
          <reporter-output>
          </reporter-output>
        </test-method> <!-- init -->
        <test-method signature="AddProductWithValidData(java.lang.String)[pri:0, instance:org.oniesoft.tests.ProductTest@45e37a7e]" started-at="2024-07-19T12:00:11 IST" name="AddProductWithValidData" finished-at="2024-07-19T12:00:23 IST" duration-ms="11826" status="PASS">
          <params>
            <param index="0">
              <value>
                <![CDATA[]]>
              </value>
            </param>
          </params>
          <reporter-output>
          </reporter-output>
        </test-method> <!-- AddProductWithValidData -->
      </class> <!-- org.oniesoft.tests.ProductTest -->
    </test> <!-- org.oniesoft.tests.ProductTest.AddProductWithValidData -->
  </suite> <!-- Add Product With Valid Data -->
</testng-results>
