<?xml version="1.0" encoding="UTF-8"?>
<!-- Generated by org.testng.reporters.JUnitXMLReporter -->
<testsuite ignored="2" hostname="DESKTOP-G16KJF8" failures="0" tests="1" name="org.oniesoft.tests.ProductsTest.searchProductInProductsWithValidDate" time="13.708" errors="0" timestamp="2024-07-15T12:46:36 IST">
  <testcase classname="org.oniesoft.tests.ProductsTest" name="searchProductInProductsWithValidDate" time="13.622"/>
  <testcase classname="org.oniesoft.tests.ProductsTest" name="addBrandsInProductsWithValidDate" time="0.0">
    <ignored/>
  </testcase> <!-- addBrandsInProductsWithValidDate -->
  <testcase classname="org.oniesoft.tests.ProductsTest" name="addAttributeInProductsWithValidDate" time="0.0">
    <ignored/>
  </testcase> <!-- addAttributeInProductsWithValidDate -->
</testsuite> <!-- org.oniesoft.tests.ProductsTest.searchProductInProductsWithValidDate -->
