<?xml version="1.0" encoding="UTF-8"?>
<!-- Generated by org.testng.reporters.JUnitXMLReporter -->
<testsuite ignored="2" hostname="DESKTOP-G16KJF8" failures="0" tests="0" time="0.026" errors="0" timestamp="2024-07-09T16:20:04 IST">
  <testcase classname="org.oniesoft.tests.LoginTest" name="testLoginWithValidCreds" time="0.0">
    <ignored/>
  </testcase> <!-- testLoginWithValidCreds -->
  <testcase classname="org.oniesoft.tests.LoginTest" name="testLoginWithInvalidCreds" time="0.0">
    <ignored/>
  </testcase> <!-- testLoginWithInvalidCreds -->
</testsuite>
